<?xml version="1.0" encoding="UTF-8"?>
<testsuite xmlns:xsi="http://www.w3.org/2001/XMLSchema-instance" xsi:noNamespaceSchemaLocation="https://maven.apache.org/surefire/maven-surefire-plugin/xsd/surefire-test-report.xsd" version="3.0.2" name="com.microservicio.Vista.VistaApplicationTests" time="5.104" tests="1" errors="0" skipped="0" failures="0">
  <properties>
[...]
</properties>
  <testcase name="contextLoads" classname="com.microservicio.Vista.VistaApplicationTests" time="1.213">
    <system-out><![CDATA[18:51:59.734 [main] INFO org.springframework.test.context.support.AnnotationConfigContextLoaderUtils -- Could not detect default configuration classes for test class [com.microservicio.Vista.VistaApplicationTests]: VistaApplicationTests does not declare any static, non-private, non-final, nested classes annotated with @Configuration.
18:51:59.926 [main] INFO org.springframework.boot.test.context.SpringBootTestContextBootstrapper -- Found @SpringBootConfiguration com.microservicio.Vista.VistaApplication for test class com.microservicio.Vista.VistaApplicationTests
18:52:00.143 [main] INFO org.springframework.boot.devtools.restart.RestartApplicationListener -- Restart disabled due to context in which it is running

  .   ____          _            __ _ _
 /\\ / ___'_ __ _ _(_)_ __  __ _ \ \ \ \
( ( )\___ | '_ | '_| | '_ \/ _` | \ \ \ \
 \\/  ___)| |_)| | | | | || (_| |  ) ) ) )
  '  |____| .__|_| |_|_| |_\__, | / / / /
 =========|_|==============|___/=/_/_/_/

 :: Spring Boot ::                (v3.4.2)

2025-02-06T18:52:00.600+01:00  INFO 25985 --- [servicio-Vista] [           main] c.m.Vista.VistaApplicationTests          : Starting VistaApplicationTests using Java 21.0.2 with PID 25985 (started by nico in /Users/nico/Desktop/clases/Microservicios/springCloud/ejercicios/Pedidos productos/Vista)
2025-02-06T18:52:00.603+01:00  INFO 25985 --- [servicio-Vista] [           main] c.m.Vista.VistaApplicationTests          : No active profile set, falling back to 1 default profile: "default"
2025-02-06T18:52:02.498+01:00  INFO 25985 --- [servicio-Vista] [           main] o.s.b.a.w.s.WelcomePageHandlerMapping    : Adding welcome page: class path resource [static/index.html]
2025-02-06T18:52:03.280+01:00  INFO 25985 --- [servicio-Vista] [           main] c.m.Vista.VistaApplicationTests          : Started VistaApplicationTests in 3.153 seconds (process running for 4.587)
]]></system-out>
    <system-err><![CDATA[Mockito is currently self-attaching to enable the inline-mock-maker. This will no longer work in future releases of the JDK. Please add Mockito as an agent to your build what is described in Mockito's documentation: https://javadoc.io/doc/org.mockito/mockito-core/latest/org/mockito/Mockito.html#0.3
WARNING: A Java agent has been loaded dynamically (/Users/nico/.m2/repository/net/bytebuddy/byte-buddy-agent/1.15.11/byte-buddy-agent-1.15.11.jar)
WARNING: If a serviceability tool is in use, please run with -XX:+EnableDynamicAgentLoading to hide this warning
WARNING: If a serviceability tool is not in use, please run with -Djdk.instrument.traceUsage for more information
WARNING: Dynamic loading of agents will be disallowed by default in a future release
]]></system-err>
  </testcase>
</testsuite>